<?xml version="1.0" encoding="UTF-8"?>
<!-- Generated by org.testng.reporters.JUnitXMLReporter -->
<testsuite ignored="0" hostname="LAPTOP-OAE6CNGV" failures="0" tests="3" name="Default test" time="22.58" errors="0" timestamp="2023-09-18T11:45:29 IST">
  <testcase classname="com.TestCases.TC_ValidateMainElements_005" name="test1" time="12.733"/>
  <testcase classname="com.TestCases.TC_ValidateMainElements_005" name="test2" time="0.298"/>
  <testcase classname="com.TestCases.TC_ValidateMainElements_005" name="test3" time="0.033"/>
</testsuite> <!-- Default test -->
