<?xml version="1.0" encoding="UTF-8"?>
<testng-results ignored="0" total="3" passed="3" failed="0" skipped="0">
  <reporter-output>
  </reporter-output>
  <suite started-at="2023-09-18T11:45:06 IST" name="Default suite" finished-at="2023-09-18T11:45:29 IST" duration-ms="22580">
    <groups>
    </groups>
    <test started-at="2023-09-18T11:45:06 IST" name="Default test" finished-at="2023-09-18T11:45:29 IST" duration-ms="22580">
      <class name="com.TestCases.TC_ValidateMainElements_005">
        <test-method is-config="true" signature="setup()[pri:0, instance:com.TestCases.TC_ValidateMainElements_005@4c60d6e9]" started-at="2023-09-18T11:45:07 IST" name="setup" finished-at="2023-09-18T11:45:16 IST" duration-ms="9287" status="PASS">
          <reporter-output>
          </reporter-output>
        </test-method> <!-- setup -->
        <test-method signature="test1()[pri:0, instance:com.TestCases.TC_ValidateMainElements_005@4c60d6e9]" started-at="2023-09-18T11:45:16 IST" name="test1" finished-at="2023-09-18T11:45:29 IST" duration-ms="12733" status="PASS">
          <reporter-output>
          </reporter-output>
        </test-method> <!-- test1 -->
        <test-method signature="test2()[pri:0, instance:com.TestCases.TC_ValidateMainElements_005@4c60d6e9]" started-at="2023-09-18T11:45:29 IST" name="test2" finished-at="2023-09-18T11:45:29 IST" duration-ms="298" status="PASS">
          <reporter-output>
          </reporter-output>
        </test-method> <!-- test2 -->
        <test-method signature="test3()[pri:0, instance:com.TestCases.TC_ValidateMainElements_005@4c60d6e9]" started-at="2023-09-18T11:45:29 IST" name="test3" finished-at="2023-09-18T11:45:29 IST" duration-ms="33" status="PASS">
          <reporter-output>
          </reporter-output>
        </test-method> <!-- test3 -->
        <test-method is-config="true" signature="teardown()[pri:0, instance:com.TestCases.TC_ValidateMainElements_005@4c60d6e9]" started-at="2023-09-18T11:45:29 IST" name="teardown" finished-at="2023-09-18T11:45:29 IST" duration-ms="2" status="PASS">
          <reporter-output>
          </reporter-output>
        </test-method> <!-- teardown -->
      </class> <!-- com.TestCases.TC_ValidateMainElements_005 -->
    </test> <!-- Default test -->
  </suite> <!-- Default suite -->
</testng-results>
